Build started 14/2/2017 11:28:40 AM.
     1>Project "F:\proj\KeyboardInputTimestamp\NativeProj\InputPlugin\InputPlugin\InputPlugin.vcxproj" on node 2 (Build target(s)).
     1>ClCompile:
         C:\Program Files (x86)\Microsoft Visual Studio 14.0\VC\bin\x86_amd64\CL.exe /c /Zi /nologo /W3 /WX- /sdl /O2 /Oi /GL /D INPUT_EXPORTS /D _WINDLL /D _MBCS /Gm- /EHsc /MD /GS /Gy /fp:precise /Zc:wchar_t /Zc:forScope /Zc:inline /Fo"x64\Release\\" /Fd"x64\Release\vc140.pdb" /Gd /TP /errorReport:prompt Input.cpp
         Input.cpp
     1>f:\proj\keyboardinputtimestamp\nativeproj\inputplugin\inputplugin\Input.h(4): warning C4005: 'INPUT_EXPORTS': macro redefinition
         f:\proj\keyboardinputtimestamp\nativeproj\inputplugin\inputplugin\Input.h(4): note: command-line arguments:  see previous definition of 'INPUT_EXPORTS'
     1>Input.cpp(26): warning C4800: 'int': forcing value to bool 'true' or 'false' (performance warning)
       Link:
         C:\Program Files (x86)\Microsoft Visual Studio 14.0\VC\bin\x86_amd64\link.exe /ERRORREPORT:PROMPT /OUT:"F:\proj\KeyboardInputTimestamp\NativeProj\InputPlugin\x64\Release\InputPlugin.dll" /NOLOGO winmm.lib kernel32.lib user32.lib gdi32.lib winspool.lib comdlg32.lib advapi32.lib shell32.lib ole32.lib oleaut32.lib uuid.lib odbc32.lib odbccp32.lib /MANIFEST /MANIFESTUAC:"level='asInvoker' uiAccess='false'" /manifest:embed /DEBUG /PDB:"F:\proj\KeyboardInputTimestamp\NativeProj\InputPlugin\x64\Release\InputPlugin.pdb" /OPT:REF /OPT:ICF /LTCG:incremental /TLBID:1 /DYNAMICBASE /NXCOMPAT /IMPLIB:"F:\proj\KeyboardInputTimestamp\NativeProj\InputPlugin\x64\Release\InputPlugin.lib" /MACHINE:X64 /DLL x64\Release\Input.obj
            Creating library F:\proj\KeyboardInputTimestamp\NativeProj\InputPlugin\x64\Release\InputPlugin.lib and object F:\proj\KeyboardInputTimestamp\NativeProj\InputPlugin\x64\Release\InputPlugin.exp
         Generating code
         4 of 298 functions ( 1.3%) were compiled, the rest were copied from previous compilation.
           0 functions were new in current compilation
           0 functions had inline decision re-evaluated but remain unchanged
         Finished generating code
         InputPlugin.vcxproj -> F:\proj\KeyboardInputTimestamp\NativeProj\InputPlugin\x64\Release\InputPlugin.dll
     1>Done Building Project "F:\proj\KeyboardInputTimestamp\NativeProj\InputPlugin\InputPlugin\InputPlugin.vcxproj" (Build target(s)).

Build succeeded.

Time Elapsed 00:00:02.02
